2026-01-17 14:25:39,366 INFO o.a.j.u.JMeterUtils: Setting Locale to en_EN
2026-01-17 14:25:39,385 INFO o.a.j.JMeter: Loading user properties from: C:\jmeter\apache-jmeter-5.6.3\bin\user.properties
2026-01-17 14:25:39,388 INFO o.a.j.JMeter: Loading system properties from: C:\jmeter\apache-jmeter-5.6.3\bin\system.properties
2026-01-17 14:25:39,394 INFO o.a.j.JMeter: Copyright (c) 1998-2024 The Apache Software Foundation
2026-01-17 14:25:39,395 INFO o.a.j.JMeter: Version 5.6.3
2026-01-17 14:25:39,395 INFO o.a.j.JMeter: java.version=21.0.4
2026-01-17 14:25:39,395 INFO o.a.j.JMeter: java.vm.name=OpenJDK 64-Bit Server VM
2026-01-17 14:25:39,395 INFO o.a.j.JMeter: os.name=Windows 11
2026-01-17 14:25:39,395 INFO o.a.j.JMeter: os.arch=amd64
2026-01-17 14:25:39,395 INFO o.a.j.JMeter: os.version=10.0
2026-01-17 14:25:39,395 INFO o.a.j.JMeter: file.encoding=UTF-8
2026-01-17 14:25:39,395 INFO o.a.j.JMeter: java.awt.headless=true
2026-01-17 14:25:39,395 INFO o.a.j.JMeter: Max memory     =1073741824
2026-01-17 14:25:39,395 INFO o.a.j.JMeter: Available Processors =8
2026-01-17 14:25:39,407 INFO o.a.j.JMeter: Default Locale=English (EN)
2026-01-17 14:25:39,407 INFO o.a.j.JMeter: JMeter  Locale=English (EN)
2026-01-17 14:25:39,407 INFO o.a.j.JMeter: JMeterHome=C:\jmeter\apache-jmeter-5.6.3
2026-01-17 14:25:39,407 INFO o.a.j.JMeter: user.dir  =C:\Unir\Git
2026-01-17 14:25:39,408 INFO o.a.j.JMeter: PWD       =C:\Unir\Git
2026-01-17 14:25:39,409 INFO o.a.j.JMeter: IP: 192.168.1.59 Name: HP_de_Marc FullName: host.docker.internal
2026-01-17 14:25:39,423 INFO o.a.j.s.FileServer: Default base='C:\Unir\Git'
2026-01-17 14:25:39,425 INFO o.a.j.s.FileServer: Set new base='C:\Unir\Git\test\jmeter'
2026-01-17 14:25:39,608 INFO o.a.j.s.SaveService: Testplan (JMX) version: 2.2. Testlog (JTL) version: 2.2
2026-01-17 14:25:39,644 INFO o.a.j.s.SaveService: Using SaveService properties version 5.0
2026-01-17 14:25:39,647 INFO o.a.j.s.SaveService: Using SaveService properties file encoding UTF-8
2026-01-17 14:25:39,649 INFO o.a.j.s.SaveService: Loading file: test\jmeter\test-plan.jmx
2026-01-17 14:25:39,695 INFO o.a.j.p.h.s.HTTPSamplerBase: Parser for text/html is org.apache.jmeter.protocol.http.parser.LagartoBasedHtmlParser
2026-01-17 14:25:39,695 INFO o.a.j.p.h.s.HTTPSamplerBase: Parser for application/xhtml+xml is org.apache.jmeter.protocol.http.parser.LagartoBasedHtmlParser
2026-01-17 14:25:39,695 INFO o.a.j.p.h.s.HTTPSamplerBase: Parser for application/xml is org.apache.jmeter.protocol.http.parser.LagartoBasedHtmlParser
2026-01-17 14:25:39,695 INFO o.a.j.p.h.s.HTTPSamplerBase: Parser for text/xml is org.apache.jmeter.protocol.http.parser.LagartoBasedHtmlParser
2026-01-17 14:25:39,695 INFO o.a.j.p.h.s.HTTPSamplerBase: Parser for text/vnd.wap.wml is org.apache.jmeter.protocol.http.parser.RegexpHTMLParser
2026-01-17 14:25:39,695 INFO o.a.j.p.h.s.HTTPSamplerBase: Parser for text/css is org.apache.jmeter.protocol.http.parser.CssParser
2026-01-17 14:25:39,717 INFO o.a.j.JMeter: Creating summariser <summary>
2026-01-17 14:25:39,732 INFO o.a.j.e.StandardJMeterEngine: Running the test!
2026-01-17 14:25:39,733 INFO o.a.j.s.SampleEvent: List of sample_variables: []
2026-01-17 14:25:39,733 INFO o.a.j.s.SampleEvent: List of sample_variables: []
2026-01-17 14:25:39,737 INFO o.a.j.e.u.CompoundVariable: Note: Function class names must contain the string: '.functions.'
2026-01-17 14:25:39,737 INFO o.a.j.e.u.CompoundVariable: Note: Function class names must not contain the string: '.gui.'
2026-01-17 14:25:39,805 INFO o.a.j.JMeter: Running test (1768656339805)
2026-01-17 14:25:39,821 INFO o.a.j.e.StandardJMeterEngine: Starting ThreadGroup: 1 : Thread Group
2026-01-17 14:25:39,821 INFO o.a.j.e.StandardJMeterEngine: Starting 5 threads for group Thread Group.
2026-01-17 14:25:39,821 INFO o.a.j.e.StandardJMeterEngine: Thread will continue on error
2026-01-17 14:25:39,821 INFO o.a.j.t.ThreadGroup: Starting thread group... number=1 threads=5 ramp-up=1 delayedStart=false
2026-01-17 14:25:39,827 INFO o.a.j.t.ThreadGroup: Started thread group number 1
2026-01-17 14:25:39,827 INFO o.a.j.e.StandardJMeterEngine: Starting ThreadGroup: 2 : Thread Group
2026-01-17 14:25:39,827 INFO o.a.j.e.StandardJMeterEngine: Starting 5 threads for group Thread Group.
2026-01-17 14:25:39,827 INFO o.a.j.e.StandardJMeterEngine: Thread will continue on error
2026-01-17 14:25:39,827 INFO o.a.j.t.ThreadGroup: Starting thread group... number=2 threads=5 ramp-up=1 delayedStart=false
2026-01-17 14:25:39,828 INFO o.a.j.t.JMeterThread: Thread started: Thread Group 2-1
2026-01-17 14:25:39,828 INFO o.a.j.t.JMeterThread: Thread started: Thread Group 1-1
2026-01-17 14:25:39,828 INFO o.a.j.t.ThreadGroup: Started thread group number 2
2026-01-17 14:25:39,828 INFO o.a.j.e.StandardJMeterEngine: All thread groups have been started
2026-01-17 14:25:39,842 INFO o.a.j.p.h.s.HTTPHCAbstractImpl: Local host = HP_de_Marc
2026-01-17 14:25:39,847 INFO o.a.j.p.h.s.HTTPHC4Impl: HTTP request retry count = 0
2026-01-17 14:25:39,849 INFO o.a.j.s.SampleResult: Note: Sample TimeStamps are START times
2026-01-17 14:25:39,849 INFO o.a.j.s.SampleResult: sampleresult.default.encoding is set to UTF-8
2026-01-17 14:25:39,849 INFO o.a.j.s.SampleResult: sampleresult.useNanoTime=true
2026-01-17 14:25:39,849 INFO o.a.j.s.SampleResult: sampleresult.nanoThreadSleep=5000
2026-01-17 14:25:40,024 INFO o.a.j.t.JMeterThread: Thread started: Thread Group 1-2
2026-01-17 14:25:40,029 INFO o.a.j.t.JMeterThread: Thread started: Thread Group 2-2
2026-01-17 14:25:40,229 INFO o.a.j.t.JMeterThread: Thread started: Thread Group 2-3
2026-01-17 14:25:40,255 INFO o.a.j.t.JMeterThread: Thread started: Thread Group 1-3
2026-01-17 14:25:40,423 INFO o.a.j.t.JMeterThread: Thread started: Thread Group 1-4
2026-01-17 14:25:40,430 INFO o.a.j.t.JMeterThread: Thread started: Thread Group 2-4
2026-01-17 14:25:40,625 INFO o.a.j.t.JMeterThread: Thread started: Thread Group 1-5
2026-01-17 14:25:40,644 INFO o.a.j.t.JMeterThread: Thread started: Thread Group 2-5
2026-01-17 14:25:41,733 INFO o.a.j.t.JMeterThread: Thread is done: Thread Group 1-1
2026-01-17 14:25:41,733 INFO o.a.j.t.JMeterThread: Thread finished: Thread Group 1-1
2026-01-17 14:25:41,734 INFO o.a.j.t.JMeterThread: Thread is done: Thread Group 2-1
2026-01-17 14:25:41,734 INFO o.a.j.t.JMeterThread: Thread finished: Thread Group 2-1
2026-01-17 14:25:42,012 INFO o.a.j.t.JMeterThread: Thread is done: Thread Group 1-2
2026-01-17 14:25:42,013 INFO o.a.j.t.JMeterThread: Thread finished: Thread Group 1-2
2026-01-17 14:25:42,033 INFO o.a.j.t.JMeterThread: Thread is done: Thread Group 2-2
2026-01-17 14:25:42,033 INFO o.a.j.t.JMeterThread: Thread finished: Thread Group 2-2
2026-01-17 14:25:42,063 INFO o.a.j.t.JMeterThread: Thread is done: Thread Group 2-3
2026-01-17 14:25:42,063 INFO o.a.j.t.JMeterThread: Thread finished: Thread Group 2-3
2026-01-17 14:25:42,068 INFO o.a.j.t.JMeterThread: Thread is done: Thread Group 1-3
2026-01-17 14:25:42,069 INFO o.a.j.t.JMeterThread: Thread finished: Thread Group 1-3
2026-01-17 14:25:42,075 INFO o.a.j.t.JMeterThread: Thread is done: Thread Group 1-4
2026-01-17 14:25:42,075 INFO o.a.j.t.JMeterThread: Thread finished: Thread Group 1-4
2026-01-17 14:25:42,075 INFO o.a.j.t.JMeterThread: Thread is done: Thread Group 1-5
2026-01-17 14:25:42,075 INFO o.a.j.t.JMeterThread: Thread finished: Thread Group 1-5
2026-01-17 14:25:42,077 INFO o.a.j.t.JMeterThread: Thread is done: Thread Group 2-5
2026-01-17 14:25:42,078 INFO o.a.j.t.JMeterThread: Thread finished: Thread Group 2-5
2026-01-17 14:25:42,082 INFO o.a.j.t.JMeterThread: Thread is done: Thread Group 2-4
2026-01-17 14:25:42,082 INFO o.a.j.t.JMeterThread: Thread finished: Thread Group 2-4
2026-01-17 14:25:42,083 INFO o.a.j.e.StandardJMeterEngine: Notifying test listeners of end of test
2026-01-17 14:25:42,089 INFO o.a.j.r.Summariser: summary =    400 in 00:00:02 =  175.5/s Avg:    42 Min:     3 Max:   527 Err:     0 (0.00%)
